<?xml version="1.0" encoding="UTF-8"?>
<testng-results skipped="0" failed="0" ignored="0" total="1" passed="1">
  <reporter-output>
  </reporter-output>
  <suite name="Suite" duration-ms="39" started-at="2017-11-05T07:41:51Z" finished-at="2017-11-05T07:41:51Z">
    <groups>
    </groups>
    <test name="Test" duration-ms="39" started-at="2017-11-05T07:41:51Z" finished-at="2017-11-05T07:41:51Z">
      <class name="Group.Maven_test.NewTest">
        <test-method status="PASS" signature="beforeTest()[pri:0, instance:Group.Maven_test.NewTest@643b1d11]" name="beforeTest" is-config="true" duration-ms="9" started-at="2017-11-05T13:11:51Z" finished-at="2017-11-05T13:11:51Z">
          <reporter-output>
          </reporter-output>
        </test-method> <!-- beforeTest -->
        <test-method status="PASS" signature="beforeClass()[pri:0, instance:Group.Maven_test.NewTest@643b1d11]" name="beforeClass" is-config="true" duration-ms="0" started-at="2017-11-05T13:11:51Z" finished-at="2017-11-05T13:11:51Z">
          <reporter-output>
          </reporter-output>
        </test-method> <!-- beforeClass -->
        <test-method status="PASS" signature="f()[pri:0, instance:Group.Maven_test.NewTest@643b1d11]" name="f" duration-ms="6" started-at="2017-11-05T13:11:51Z" finished-at="2017-11-05T13:11:51Z">
          <reporter-output>
          </reporter-output>
        </test-method> <!-- f -->
        <test-method status="PASS" signature="beforeMethod()[pri:0, instance:Group.Maven_test.NewTest@643b1d11]" name="beforeMethod" is-config="true" duration-ms="0" started-at="2017-11-05T13:11:51Z" finished-at="2017-11-05T13:11:51Z">
          <reporter-output>
          </reporter-output>
        </test-method> <!-- beforeMethod -->
      </class> <!-- Group.Maven_test.NewTest -->
    </test> <!-- Test -->
  </suite> <!-- Suite -->
</testng-results>
